 Absolute and relative mass balance error for water and solute transport 

    Time [T]   WatVol [V]  WatBalT [V]  WatBalR [%]  ww [V]  wCumT [V]  WatVol-wVolI[V]   wCumA[V]    Deltaw[V]   TotalRootFlow [V/T]  TotRadialFlow [V/T]
      0.0000  3.24593E+01
      0.0100  3.24559E+01 -1.10508E-08  3.26012E-04  3.38968E-03  3.38966E-03 -3.38967E-03  3.38966E-03  3.38968E-03  8.08372E-02  8.08372E-02
      0.0200  3.24525E+01 -2.21684E-08  3.28196E-04  6.75462E-03  6.75459E-03 -6.75461E-03  6.75459E-03  6.75462E-03  8.08323E-02  8.08323E-02
      0.0275  3.24500E+01 -2.48301E-08  2.67934E-04  9.26723E-03  9.26720E-03 -9.26722E-03  9.26720E-03  9.26723E-03  8.08298E-02  8.08298E-02
      0.0350  3.24475E+01 -2.74379E-08  2.33107E-04  1.17705E-02  1.17705E-02 -1.17705E-02  1.17705E-02  1.17705E-02  8.08279E-02  8.08279E-02
      0.0425  3.24450E+01 -2.99821E-08  2.10168E-04  1.42658E-02  1.42658E-02 -1.42658E-02  1.42658E-02  1.42658E-02  8.08265E-02  8.08265E-02
      0.0500  3.24425E+01 -3.24613E-08  1.93754E-04  1.67539E-02  1.67538E-02 -1.67539E-02  1.67538E-02  1.67539E-02  8.08253E-02  8.08253E-02
      0.0556  3.24396E+01 -3.26600E-08  1.66108E-04  1.96619E-02  1.96618E-02 -1.96619E-02  1.96618E-02  1.96619E-02  2.73182E-01  2.73182E-01
      0.0605  3.24371E+01 -3.30316E-08  1.48498E-04  2.22439E-02  2.22439E-02 -2.22439E-02  2.22439E-02  2.22439E-02  2.73149E-01  2.73149E-01
      0.0649  3.24348E+01 -3.32967E-08  1.35701E-04  2.45369E-02  2.45368E-02 -2.45369E-02  2.45368E-02  2.45369E-02  2.73126E-01  2.73126E-01
      0.0688  3.24327E+01 -3.34628E-08  1.25926E-04  2.65734E-02  2.65734E-02 -2.65734E-02  2.65734E-02  2.65734E-02  2.73108E-01  2.73108E-01
      0.0723  3.24309E+01 -3.33793E-08  1.17605E-04  2.83825E-02  2.83825E-02 -2.83825E-02  2.83825E-02  2.83825E-02  2.73094E-01  2.73094E-01
      0.0753  3.24293E+01 -3.34599E-08  1.11572E-04  2.99896E-02  2.99896E-02 -2.99896E-02  2.99896E-02  2.99896E-02  2.73084E-01  2.73084E-01
      0.0781  3.24279E+01 -3.21397E-08  1.02299E-04  3.14174E-02  3.14174E-02 -3.14174E-02  3.14174E-02  3.14174E-02  2.73075E-01  2.73075E-01
      0.0808  3.24265E+01 -3.11951E-08  9.49782E-05  3.28445E-02  3.28445E-02 -3.28445E-02  3.28445E-02  3.28445E-02  2.73067E-01  2.73067E-01
      0.0836  3.24250E+01 -3.02278E-08  8.82026E-05  3.42709E-02  3.42708E-02 -3.42709E-02  3.42708E-02  3.42709E-02  2.73059E-01  2.73059E-01
      0.0863  3.24236E+01 -2.92369E-08  8.19040E-05  3.56966E-02  3.56966E-02 -3.56966E-02  3.56966E-02  3.56966E-02  2.73052E-01  2.73052E-01
      0.0890  3.24222E+01 -2.93630E-08  7.90995E-05  3.71216E-02  3.71216E-02 -3.71216E-02  3.71216E-02  3.71216E-02  2.73046E-01  2.73046E-01
      0.0918  3.24208E+01 -3.04261E-08  7.89345E-05  3.85460E-02  3.85460E-02 -3.85460E-02  3.85460E-02  3.85460E-02  2.73040E-01  2.73040E-01
      0.0945  3.24193E+01 -3.13771E-08  7.85021E-05  3.99698E-02  3.99697E-02 -3.99698E-02  3.99697E-02  3.99698E-02  2.73034E-01  2.73034E-01
      0.0973  3.24179E+01 -3.22465E-08  7.79033E-05  4.13929E-02  4.13929E-02 -4.13929E-02  4.13929E-02  4.13929E-02  2.73029E-01  2.73029E-01
      0.1000  3.24165E+01 -3.30547E-08  7.72027E-05  4.28154E-02  4.28154E-02 -4.28154E-02  4.28154E-02  4.28154E-02  2.73024E-01  2.73024E-01
      0.1019  3.24152E+01 -3.18509E-08  7.21755E-05  4.41298E-02  4.41297E-02 -4.41298E-02  4.41297E-02  4.41298E-02  4.63849E-01  4.63849E-01
      0.1037  3.24139E+01 -3.01729E-08  6.63960E-05  4.54438E-02  4.54438E-02 -4.54438E-02  4.54438E-02  4.54438E-02  4.63810E-01  4.63810E-01
      0.1056  3.24125E+01 -2.75529E-08  5.89272E-05  4.67575E-02  4.67575E-02 -4.67575E-02  4.67575E-02  4.67575E-02  4.63776E-01  4.63776E-01
      0.1074  3.24112E+01 -2.69054E-08  5.59702E-05  4.80709E-02  4.80709E-02 -4.80709E-02  4.80709E-02  4.80709E-02  4.63744E-01  4.63744E-01
      0.1093  3.24099E+01 -2.62276E-08  5.31095E-05  4.93840E-02  4.93839E-02 -4.93840E-02  4.93839E-02  4.93840E-02  4.63714E-01  4.63714E-01
      0.1111  3.24086E+01 -2.79637E-08  5.51588E-05  5.06967E-02  5.06967E-02 -5.06967E-02  5.06967E-02  5.06967E-02  4.63687E-01  4.63687E-01
      0.1130  3.24073E+01 -2.86802E-08  5.51446E-05  5.20092E-02  5.20092E-02 -5.20092E-02  5.20092E-02  5.20092E-02  4.63662E-01  4.63662E-01
      0.1148  3.24060E+01 -2.89584E-08  5.43092E-05  5.33213E-02  5.33213E-02 -5.33213E-02  5.33213E-02  5.33213E-02  4.63638E-01  4.63638E-01
      0.1167  3.24047E+01 -2.89918E-08  5.30662E-05  5.46332E-02  5.46332E-02 -5.46332E-02  5.46332E-02  5.46332E-02  4.63615E-01  4.63615E-01
      0.1185  3.24034E+01 -2.88708E-08  5.16059E-05  5.59448E-02  5.59448E-02 -5.59448E-02  5.59448E-02  5.59448E-02  4.63594E-01  4.63594E-01
      0.1204  3.24020E+01 -2.86440E-08  5.00279E-05  5.72561E-02  5.72560E-02 -5.72561E-02  5.72560E-02  5.72561E-02  4.63573E-01  4.63573E-01
      0.1222  3.24007E+01 -2.93800E-08  5.01650E-05  5.85667E-02  5.85666E-02 -5.85667E-02  5.85666E-02  5.85667E-02  4.63333E-01  4.63333E-01
      0.1242  3.23993E+01 -3.02299E-08  5.04088E-05  5.99694E-02  5.99694E-02 -5.99694E-02  5.99694E-02  5.99694E-02  4.62738E-01  4.62738E-01
      0.1264  3.23978E+01 -3.09432E-08  5.03245E-05  6.14874E-02  6.14873E-02 -6.14874E-02  6.14873E-02  6.14874E-02  4.62093E-01  4.62093E-01
      0.1287  3.23961E+01 -3.17491E-08  5.02716E-05  6.31551E-02  6.31550E-02 -6.31551E-02  6.31550E-02  6.31551E-02  4.61384E-01  4.61384E-01
      0.1314  3.23943E+01 -3.21662E-08  4.94648E-05  6.50286E-02  6.50285E-02 -6.50286E-02  6.50285E-02  6.50286E-02  4.60586E-01  4.60586E-01
      0.1345  3.23921E+01 -3.32548E-08  4.94784E-05  6.72108E-02  6.72108E-02 -6.72108E-02  6.72108E-02  6.72108E-02  4.59655E-01  4.59655E-01
      0.1376  3.23899E+01 -3.43343E-08  4.94805E-05  6.93895E-02  6.93895E-02 -6.93895E-02  6.93895E-02  6.93895E-02  4.58724E-01  4.58724E-01
      0.1417  3.23870E+01 -3.50008E-08  4.84184E-05  7.22882E-02  7.22882E-02 -7.22882E-02  7.22882E-02  7.22882E-02  4.57483E-01  4.57483E-01
      0.1459  3.23841E+01 -3.56494E-08  4.74182E-05  7.51807E-02  7.51807E-02 -7.51807E-02  7.51807E-02  7.51807E-02  4.56241E-01  4.56241E-01
      0.1500  3.23812E+01 -3.62801E-08  4.64731E-05  7.80670E-02  7.80669E-02 -7.80670E-02  7.80669E-02  7.80670E-02  4.55000E-01  4.55000E-01
      0.1545  3.23781E+01 -3.69309E-08  4.54646E-05  8.12301E-02  8.12301E-02 -8.12301E-02  8.12301E-02  8.12301E-02  4.53636E-01  4.53636E-01
      0.1596  3.23746E+01 -3.90499E-08  4.60844E-05  8.47355E-02  8.47355E-02 -8.47355E-02  8.47355E-02  8.47355E-02  4.52121E-01  4.52121E-01
      0.1646  3.23711E+01 -4.09150E-08  4.63722E-05  8.82318E-02  8.82317E-02 -8.82318E-02  8.82317E-02  8.82318E-02  4.50606E-01  4.50606E-01
      0.1705  3.23670E+01 -4.06140E-08  4.40030E-05  9.22983E-02  9.22982E-02 -9.22983E-02  9.22982E-02  9.22983E-02  4.48838E-01  4.48838E-01
      0.1764  3.23629E+01 -4.19064E-08  4.34929E-05  9.63524E-02  9.63523E-02 -9.63524E-02  9.63523E-02  9.63524E-02  4.47070E-01  4.47070E-01
      0.1843  3.23576E+01 -4.65136E-08  4.57200E-05  1.01736E-01  1.01736E-01 -1.01736E-01  1.01736E-01  1.01736E-01  4.44713E-01  4.44713E-01
      0.1921  3.23522E+01 -5.08776E-08  4.75060E-05  1.07097E-01  1.07097E-01 -1.07097E-01  1.07097E-01  1.07097E-01  4.42356E-01  4.42356E-01
      0.2000  3.23469E+01 -5.50249E-08  4.89383E-05  1.12437E-01  1.12437E-01 -1.12437E-01  1.12437E-01  1.12437E-01  4.40000E-01  4.40000E-01
      0.2083  3.23412E+01 -5.52978E-08  4.68322E-05  1.18077E-01  1.18077E-01 -1.18077E-01  1.18077E-01  1.18077E-01  4.37500E-01  4.37500E-01
      0.2188  3.23342E+01 -5.47637E-08  4.37802E-05  1.25088E-01  1.25088E-01 -1.25088E-01  1.25088E-01  1.25088E-01  4.34375E-01  4.34375E-01
      0.2292  3.23272E+01 -5.29547E-08  4.00986E-05  1.32061E-01  1.32061E-01 -1.32061E-01  1.32061E-01  1.32061E-01  4.31250E-01  4.31250E-01
      0.2396  3.23203E+01 -5.12229E-08  3.68519E-05  1.38997E-01  1.38997E-01 -1.38997E-01  1.38997E-01  1.38997E-01  4.28125E-01  4.28125E-01
      0.2500  3.23134E+01 -4.95438E-08  3.39586E-05  1.45895E-01  1.45895E-01 -1.45895E-01  1.45895E-01  1.45895E-01  4.25000E-01  4.25000E-01
      0.2625  3.23052E+01 -3.93878E-08  2.55569E-05  1.54118E-01  1.54118E-01 -1.54118E-01  1.54118E-01  1.54118E-01  4.21250E-01  4.21250E-01
      0.2750  3.22970E+01 -2.95718E-08  1.82218E-05  1.62288E-01  1.62288E-01 -1.62288E-01  1.62288E-01  1.62288E-01  4.17500E-01  4.17500E-01
      0.2875  3.22889E+01 -1.99813E-08  1.17259E-05  1.70404E-01  1.70404E-01 -1.70404E-01  1.70404E-01  1.70404E-01  4.13750E-01  4.13750E-01
      0.3000  3.22808E+01 -1.05786E-08  5.92750E-06  1.78466E-01  1.78466E-01 -1.78466E-01  1.78466E-01  1.78466E-01  4.10000E-01  4.10000E-01
      0.3167  3.22702E+01 -1.75499E-08  9.27968E-06  1.89121E-01  1.89121E-01 -1.89121E-01  1.89121E-01  1.89121E-01  4.05000E-01  4.05000E-01
      0.3333  3.22596E+01 -2.53336E-08  1.26870E-05  1.99682E-01  1.99682E-01 -1.99682E-01  1.99682E-01  1.99682E-01  4.00000E-01  4.00000E-01
      0.3500  3.22492E+01 -3.29209E-08  1.56655E-05  2.10149E-01  2.10149E-01 -2.10149E-01  2.10149E-01  2.10149E-01  3.95000E-01  3.95000E-01
      0.3750  3.22337E+01 -2.86347E-08  1.26905E-05  2.25638E-01  2.25638E-01 -2.25638E-01  2.25638E-01  2.25638E-01  3.87500E-01  3.87500E-01
      0.4000  3.22184E+01 -2.68883E-08  1.11608E-05  2.40918E-01  2.40918E-01 -2.40918E-01  2.40918E-01  2.40918E-01  3.80000E-01  3.80000E-01
      0.4250  3.22033E+01 -2.53046E-08  9.88509E-06  2.55988E-01  2.55988E-01 -2.55988E-01  2.55988E-01  2.55988E-01  3.72500E-01  3.72500E-01
      0.4500  3.21885E+01 -2.19365E-08  8.09913E-06  2.70850E-01  2.70850E-01 -2.70850E-01  2.70850E-01  2.70850E-01  3.65000E-01  3.65000E-01
      0.4750  3.21738E+01 -1.93531E-08  6.77858E-06  2.85504E-01  2.85504E-01 -2.85504E-01  2.85504E-01  2.85504E-01  3.57500E-01  3.57500E-01
      0.5000  3.21593E+01 -1.62813E-08  5.42801E-06  2.99950E-01  2.99950E-01 -2.99950E-01  2.99950E-01  2.99950E-01  3.50000E-01  3.50000E-01
      0.5250  3.21451E+01 -1.25186E-08  3.98439E-06  3.14191E-01  3.14191E-01 -3.14191E-01  3.14191E-01  3.14191E-01  3.42500E-01  3.42500E-01
      0.5500  3.21311E+01 -9.04251E-09  2.75498E-06  3.28224E-01  3.28224E-01 -3.28224E-01  3.28224E-01  3.28224E-01  3.35000E-01  3.35000E-01
      0.5750  3.21172E+01 -5.78765E-09  1.69204E-06  3.42053E-01  3.42053E-01 -3.42053E-01  3.42053E-01  3.42053E-01  3.27500E-01  3.27500E-01
      0.6000  3.21036E+01 -3.05104E-09  8.57816E-07  3.55675E-01  3.55675E-01 -3.55675E-01  3.55675E-01  3.55675E-01  3.20000E-01  3.20000E-01
      0.6250  3.20902E+01 -7.22223E-10  1.95675E-07  3.69093E-01  3.69093E-01 -3.69093E-01  3.69093E-01  3.69093E-01  3.12500E-01  3.12500E-01
      0.6500  3.20770E+01  9.82749E-10  2.57058E-07  3.82307E-01  3.82307E-01 -3.82307E-01  3.82307E-01  3.82307E-01  3.05000E-01  3.05000E-01
      0.6750  3.20640E+01  2.13359E-09  5.39719E-07  3.95316E-01  3.95316E-01 -3.95316E-01  3.95316E-01  3.95316E-01  2.97500E-01  2.97500E-01
      0.7000  3.20512E+01  2.65175E-09  6.49747E-07  4.08121E-01  4.08121E-01 -4.08121E-01  4.08121E-01  4.08121E-01  2.90000E-01  2.90000E-01
      0.7250  3.20386E+01  2.59916E-09  6.17786E-07  4.20722E-01  4.20722E-01 -4.20722E-01  4.20722E-01  4.20722E-01  2.82500E-01  2.82500E-01
      0.7500  3.20262E+01  1.95216E-09  4.50720E-07  4.33120E-01  4.33120E-01 -4.33120E-01  4.33120E-01  4.33120E-01  2.75000E-01  2.75000E-01
      0.7750  3.20140E+01  7.27045E-10  1.63266E-07  4.45314E-01  4.45314E-01 -4.45314E-01  4.45314E-01  4.45314E-01  2.67500E-01  2.67500E-01
      0.8000  3.20020E+01 -1.06743E-09  2.33417E-07  4.57305E-01  4.57305E-01 -4.57305E-01  4.57305E-01  4.57305E-01  2.60000E-01  2.60000E-01
      0.8250  3.19902E+01 -3.39667E-09  7.24092E-07  4.69094E-01  4.69094E-01 -4.69094E-01  4.69094E-01  4.69094E-01  2.52500E-01  2.52500E-01
      0.8500  3.19786E+01 -6.24384E-09  1.29896E-06  4.80680E-01  4.80680E-01 -4.80680E-01  4.80680E-01  4.80680E-01  2.45000E-01  2.45000E-01
      0.8750  3.19672E+01 -9.08268E-09  1.84584E-06  4.92063E-01  4.92063E-01 -4.92063E-01  4.92063E-01  4.92063E-01  2.37500E-01  2.37500E-01
      0.9000  3.19561E+01 -1.24020E-08  2.46441E-06  5.03243E-01  5.03243E-01 -5.03243E-01  5.03243E-01  5.03243E-01  2.30000E-01  2.30000E-01
      0.9250  3.19451E+01 -2.85171E-08  5.54567E-06  5.14222E-01  5.14222E-01 -5.14222E-01  5.14222E-01  5.14222E-01  2.22500E-01  2.22500E-01
      0.9500  3.19343E+01 -4.60696E-08  8.77520E-06  5.24998E-01  5.24998E-01 -5.24998E-01  5.24998E-01  5.24998E-01  2.15000E-01  2.15000E-01
      1.0000  3.19136E+01 -3.34936E-08  6.13726E-06  5.45742E-01  5.45742E-01 -5.45742E-01  5.45742E-01  5.45742E-01  2.00000E-01  2.00000E-01
      1.0250  3.19032E+01 -5.52158E-08  9.92913E-06  5.56100E-01  5.56099E-01 -5.56100E-01  5.56099E-01  5.56100E-01  2.00000E-01  2.00000E-01
      1.0500  3.18929E+01  1.80971E-07  3.19485E-05  5.66444E-01  5.66444E-01 -5.66444E-01  5.66444E-01  5.66444E-01  2.00010E-01  2.00010E-01
      1.0750  3.18825E+01  1.56334E-07  2.71049E-05  5.76773E-01  5.76773E-01 -5.76773E-01  5.76773E-01  5.76773E-01  2.00000E-01  2.00000E-01
      1.1000  3.18722E+01  2.02943E-07  3.45677E-05  5.87089E-01  5.87089E-01 -5.87089E-01  5.87089E-01  5.87089E-01  2.00003E-01  2.00003E-01
      1.1250  3.18619E+01  1.76711E-07  2.95806E-05  5.97390E-01  5.97390E-01 -5.97389E-01  5.97390E-01  5.97389E-01  2.00000E-01  2.00000E-01
      1.1500  3.18516E+01  1.87472E-07  3.08505E-05  6.07677E-01  6.07677E-01 -6.07677E-01  6.07677E-01  6.07677E-01  2.00001E-01  2.00001E-01
      1.1750  3.18413E+01  2.21057E-07  3.57725E-05  6.17951E-01  6.17951E-01 -6.17951E-01  6.17951E-01  6.17951E-01  2.00002E-01  2.00002E-01
      1.2000  3.18311E+01  1.50095E-07  2.38924E-05  6.28210E-01  6.28210E-01 -6.28210E-01  6.28210E-01  6.28210E-01  1.99998E-01  1.99998E-01
      1.2250  3.18208E+01  1.25324E-07  1.96292E-05  6.38456E-01  6.38456E-01 -6.38456E-01  6.38456E-01  6.38456E-01  2.00000E-01  2.00000E-01
      1.2500  3.18106E+01  1.16730E-07  1.79949E-05  6.48686E-01  6.48686E-01 -6.48686E-01  6.48686E-01  6.48686E-01  2.00000E-01  2.00000E-01
      1.2750  3.18004E+01  1.22438E-07  1.85821E-05  6.58904E-01  6.58904E-01 -6.58903E-01  6.58904E-01  6.58903E-01  2.00001E-01  2.00001E-01
      1.3000  3.17902E+01  1.00646E-08  1.50418E-06  6.69107E-01  6.69107E-01 -6.69107E-01  6.69107E-01  6.69107E-01  1.99996E-01  1.99996E-01
      1.3250  3.17800E+01 -2.67510E-08  3.93804E-06  6.79297E-01  6.79297E-01 -6.79297E-01  6.79297E-01  6.79297E-01  1.99999E-01  1.99999E-01
      1.3500  3.17698E+01 -3.52667E-08  5.11503E-06  6.89472E-01  6.89472E-01 -6.89472E-01  6.89472E-01  6.89472E-01  2.00000E-01  2.00000E-01
      1.3750  3.17597E+01 -4.36451E-08  6.23829E-06  6.99633E-01  6.99632E-01 -6.99633E-01  6.99632E-01  6.99633E-01  2.00000E-01  2.00000E-01
      1.4000  3.17495E+01 -5.87439E-08  8.27634E-06  7.09781E-01  7.09781E-01 -7.09781E-01  7.09781E-01  7.09781E-01  2.00000E-01  2.00000E-01
      1.4250  3.17394E+01 -6.70691E-08  9.31627E-06  7.19914E-01  7.19914E-01 -7.19914E-01  7.19914E-01  7.19914E-01  2.00000E-01  2.00000E-01
      1.4500  3.17293E+01 -8.27657E-08  1.13372E-05  7.30035E-01  7.30035E-01 -7.30035E-01  7.30035E-01  7.30035E-01  2.00000E-01  2.00000E-01
