 Total amount of water and solute removed by the root system, 
 by zero and first order reactions, and by drainage at the bottom of the domain. 

    Time [T]   CumCh0 [M]   CumCh1 [M]   CumChR [M] ChemS(1) [M] ChemS(2) [M]    CumRt [V]  CumQ(1) [V]  CumQ(2) [V]
      0.0100  0.00000E+00  0.00000E+00  0.00000E+00  0.00000E+00  0.00000E+00  8.08372E-04  0.00000E+00  2.58128E-03
      0.0200  0.00000E+00  0.00000E+00  0.00000E+00  0.00000E+00  0.00000E+00  1.61670E-03  0.00000E+00  5.13789E-03
      0.0275  0.00000E+00  0.00000E+00  0.00000E+00  0.00000E+00  0.00000E+00  2.22292E-03  0.00000E+00  7.04428E-03
      0.0350  0.00000E+00  0.00000E+00  0.00000E+00  0.00000E+00  0.00000E+00  2.82913E-03  0.00000E+00  8.94138E-03
      0.0425  0.00000E+00  0.00000E+00  0.00000E+00  0.00000E+00  0.00000E+00  3.43533E-03  0.00000E+00  1.08304E-02
      0.0500  0.00000E+00  0.00000E+00  0.00000E+00  0.00000E+00  0.00000E+00  4.04152E-03  0.00000E+00  1.27123E-02
      0.0556  0.00000E+00  0.00000E+00  0.00000E+00  0.00000E+00  0.00000E+00  5.55919E-03  0.00000E+00  1.41026E-02
      0.0605  0.00000E+00  0.00000E+00  0.00000E+00  0.00000E+00  0.00000E+00  6.90808E-03  0.00000E+00  1.53358E-02
      0.0649  0.00000E+00  0.00000E+00  0.00000E+00  0.00000E+00  0.00000E+00  8.10699E-03  0.00000E+00  1.64298E-02
      0.0688  0.00000E+00  0.00000E+00  0.00000E+00  0.00000E+00  0.00000E+00  9.17261E-03  0.00000E+00  1.74008E-02
      0.0723  0.00000E+00  0.00000E+00  0.00000E+00  0.00000E+00  0.00000E+00  1.01198E-02  0.00000E+00  1.82627E-02
      0.0753  0.00000E+00  0.00000E+00  0.00000E+00  0.00000E+00  0.00000E+00  1.09617E-02  0.00000E+00  1.90279E-02
      0.0781  0.00000E+00  0.00000E+00  0.00000E+00  0.00000E+00  0.00000E+00  1.17100E-02  0.00000E+00  1.97073E-02
      0.0808  0.00000E+00  0.00000E+00  0.00000E+00  0.00000E+00  0.00000E+00  1.24583E-02  0.00000E+00  2.03861E-02
      0.0836  0.00000E+00  0.00000E+00  0.00000E+00  0.00000E+00  0.00000E+00  1.32066E-02  0.00000E+00  2.10642E-02
      0.0863  0.00000E+00  0.00000E+00  0.00000E+00  0.00000E+00  0.00000E+00  1.39549E-02  0.00000E+00  2.17417E-02
      0.0890  0.00000E+00  0.00000E+00  0.00000E+00  0.00000E+00  0.00000E+00  1.47031E-02  0.00000E+00  2.24185E-02
      0.0918  0.00000E+00  0.00000E+00  0.00000E+00  0.00000E+00  0.00000E+00  1.54514E-02  0.00000E+00  2.30946E-02
      0.0945  0.00000E+00  0.00000E+00  0.00000E+00  0.00000E+00  0.00000E+00  1.61996E-02  0.00000E+00  2.37702E-02
      0.0973  0.00000E+00  0.00000E+00  0.00000E+00  0.00000E+00  0.00000E+00  1.69478E-02  0.00000E+00  2.44451E-02
      0.1000  0.00000E+00  0.00000E+00  0.00000E+00  0.00000E+00  0.00000E+00  1.76960E-02  0.00000E+00  2.51194E-02
      0.1019  0.00000E+00  0.00000E+00  0.00000E+00  0.00000E+00  0.00000E+00  1.85550E-02  0.00000E+00  2.55748E-02
      0.1037  0.00000E+00  0.00000E+00  0.00000E+00  0.00000E+00  0.00000E+00  1.94139E-02  0.00000E+00  2.60299E-02
      0.1056  0.00000E+00  0.00000E+00  0.00000E+00  0.00000E+00  0.00000E+00  2.02727E-02  0.00000E+00  2.64848E-02
      0.1074  0.00000E+00  0.00000E+00  0.00000E+00  0.00000E+00  0.00000E+00  2.11315E-02  0.00000E+00  2.69394E-02
      0.1093  0.00000E+00  0.00000E+00  0.00000E+00  0.00000E+00  0.00000E+00  2.19902E-02  0.00000E+00  2.73937E-02
      0.1111  0.00000E+00  0.00000E+00  0.00000E+00  0.00000E+00  0.00000E+00  2.28489E-02  0.00000E+00  2.78478E-02
      0.1130  0.00000E+00  0.00000E+00  0.00000E+00  0.00000E+00  0.00000E+00  2.37075E-02  0.00000E+00  2.83016E-02
      0.1148  0.00000E+00  0.00000E+00  0.00000E+00  0.00000E+00  0.00000E+00  2.45661E-02  0.00000E+00  2.87552E-02
      0.1167  0.00000E+00  0.00000E+00  0.00000E+00  0.00000E+00  0.00000E+00  2.54247E-02  0.00000E+00  2.92085E-02
      0.1185  0.00000E+00  0.00000E+00  0.00000E+00  0.00000E+00  0.00000E+00  2.62832E-02  0.00000E+00  2.96616E-02
      0.1204  0.00000E+00  0.00000E+00  0.00000E+00  0.00000E+00  0.00000E+00  2.71417E-02  0.00000E+00  3.01144E-02
      0.1222  0.00000E+00  0.00000E+00  0.00000E+00  0.00000E+00  0.00000E+00  2.79997E-02  0.00000E+00  3.05670E-02
      0.1242  0.00000E+00  0.00000E+00  0.00000E+00  0.00000E+00  0.00000E+00  2.89178E-02  0.00000E+00  3.10516E-02
      0.1264  0.00000E+00  0.00000E+00  0.00000E+00  0.00000E+00  0.00000E+00  2.99111E-02  0.00000E+00  3.15763E-02
      0.1287  0.00000E+00  0.00000E+00  0.00000E+00  0.00000E+00  0.00000E+00  3.10020E-02  0.00000E+00  3.21530E-02
      0.1314  0.00000E+00  0.00000E+00  0.00000E+00  0.00000E+00  0.00000E+00  3.22271E-02  0.00000E+00  3.28014E-02
      0.1345  0.00000E+00  0.00000E+00  0.00000E+00  0.00000E+00  0.00000E+00  3.36536E-02  0.00000E+00  3.35572E-02
      0.1376  0.00000E+00  0.00000E+00  0.00000E+00  0.00000E+00  0.00000E+00  3.50771E-02  0.00000E+00  3.43124E-02
      0.1417  0.00000E+00  0.00000E+00  0.00000E+00  0.00000E+00  0.00000E+00  3.69701E-02  0.00000E+00  3.53181E-02
      0.1459  0.00000E+00  0.00000E+00  0.00000E+00  0.00000E+00  0.00000E+00  3.88579E-02  0.00000E+00  3.63228E-02
      0.1500  0.00000E+00  0.00000E+00  0.00000E+00  0.00000E+00  0.00000E+00  4.07405E-02  0.00000E+00  3.73264E-02
      0.1545  0.00000E+00  0.00000E+00  0.00000E+00  0.00000E+00  0.00000E+00  4.28025E-02  0.00000E+00  3.84276E-02
      0.1596  0.00000E+00  0.00000E+00  0.00000E+00  0.00000E+00  0.00000E+00  4.50860E-02  0.00000E+00  3.96495E-02
      0.1646  0.00000E+00  0.00000E+00  0.00000E+00  0.00000E+00  0.00000E+00  4.73617E-02  0.00000E+00  4.08700E-02
      0.1705  0.00000E+00  0.00000E+00  0.00000E+00  0.00000E+00  0.00000E+00  5.00064E-02  0.00000E+00  4.22918E-02
      0.1764  0.00000E+00  0.00000E+00  0.00000E+00  0.00000E+00  0.00000E+00  5.26407E-02  0.00000E+00  4.37116E-02
      0.1843  0.00000E+00  0.00000E+00  0.00000E+00  0.00000E+00  0.00000E+00  5.61345E-02  0.00000E+00  4.56013E-02
      0.1921  0.00000E+00  0.00000E+00  0.00000E+00  0.00000E+00  0.00000E+00  5.96098E-02  0.00000E+00  4.74875E-02
      0.2000  0.00000E+00  0.00000E+00  0.00000E+00  0.00000E+00  0.00000E+00  6.30666E-02  0.00000E+00  4.93705E-02
      0.2083  0.00000E+00  0.00000E+00  0.00000E+00  0.00000E+00  0.00000E+00  6.67124E-02  0.00000E+00  5.13641E-02
      0.2188  0.00000E+00  0.00000E+00  0.00000E+00  0.00000E+00  0.00000E+00  7.12371E-02  0.00000E+00  5.38507E-02
      0.2292  0.00000E+00  0.00000E+00  0.00000E+00  0.00000E+00  0.00000E+00  7.57293E-02  0.00000E+00  5.63318E-02
      0.2396  0.00000E+00  0.00000E+00  0.00000E+00  0.00000E+00  0.00000E+00  8.01890E-02  0.00000E+00  5.88078E-02
      0.2500  0.00000E+00  0.00000E+00  0.00000E+00  0.00000E+00  0.00000E+00  8.46161E-02  0.00000E+00  6.12786E-02
      0.2625  0.00000E+00  0.00000E+00  0.00000E+00  0.00000E+00  0.00000E+00  8.98817E-02  0.00000E+00  6.42364E-02
      0.2750  0.00000E+00  0.00000E+00  0.00000E+00  0.00000E+00  0.00000E+00  9.51004E-02  0.00000E+00  6.71873E-02
      0.2875  0.00000E+00  0.00000E+00  0.00000E+00  0.00000E+00  0.00000E+00  1.00272E-01  0.00000E+00  7.01314E-02
      0.3000  0.00000E+00  0.00000E+00  0.00000E+00  0.00000E+00  0.00000E+00  1.05397E-01  0.00000E+00  7.30688E-02
      0.3167  0.00000E+00  0.00000E+00  0.00000E+00  0.00000E+00  0.00000E+00  1.12147E-01  0.00000E+00  7.69740E-02
      0.3333  0.00000E+00  0.00000E+00  0.00000E+00  0.00000E+00  0.00000E+00  1.18814E-01  0.00000E+00  8.08682E-02
      0.3500  0.00000E+00  0.00000E+00  0.00000E+00  0.00000E+00  0.00000E+00  1.25397E-01  0.00000E+00  8.47516E-02
      0.3750  0.00000E+00  0.00000E+00  0.00000E+00  0.00000E+00  0.00000E+00  1.35085E-01  0.00000E+00  9.05534E-02
      0.4000  0.00000E+00  0.00000E+00  0.00000E+00  0.00000E+00  0.00000E+00  1.44585E-01  0.00000E+00  9.63328E-02
      0.4250  0.00000E+00  0.00000E+00  0.00000E+00  0.00000E+00  0.00000E+00  1.53897E-01  0.00000E+00  1.02091E-01
      0.4500  0.00000E+00  0.00000E+00  0.00000E+00  0.00000E+00  0.00000E+00  1.63022E-01  0.00000E+00  1.07827E-01
      0.4750  0.00000E+00  0.00000E+00  0.00000E+00  0.00000E+00  0.00000E+00  1.71960E-01  0.00000E+00  1.13544E-01
      0.5000  0.00000E+00  0.00000E+00  0.00000E+00  0.00000E+00  0.00000E+00  1.80710E-01  0.00000E+00  1.19241E-01
      0.5250  0.00000E+00  0.00000E+00  0.00000E+00  0.00000E+00  0.00000E+00  1.89272E-01  0.00000E+00  1.24918E-01
      0.5500  0.00000E+00  0.00000E+00  0.00000E+00  0.00000E+00  0.00000E+00  1.97647E-01  0.00000E+00  1.30577E-01
      0.5750  0.00000E+00  0.00000E+00  0.00000E+00  0.00000E+00  0.00000E+00  2.05835E-01  0.00000E+00  1.36218E-01
      0.6000  0.00000E+00  0.00000E+00  0.00000E+00  0.00000E+00  0.00000E+00  2.13835E-01  0.00000E+00  1.41841E-01
      0.6250  0.00000E+00  0.00000E+00  0.00000E+00  0.00000E+00  0.00000E+00  2.21647E-01  0.00000E+00  1.47446E-01
      0.6500  0.00000E+00  0.00000E+00  0.00000E+00  0.00000E+00  0.00000E+00  2.29272E-01  0.00000E+00  1.53034E-01
      0.6750  0.00000E+00  0.00000E+00  0.00000E+00  0.00000E+00  0.00000E+00  2.36710E-01  0.00000E+00  1.58606E-01
      0.7000  0.00000E+00  0.00000E+00  0.00000E+00  0.00000E+00  0.00000E+00  2.43960E-01  0.00000E+00  1.64161E-01
      0.7250  0.00000E+00  0.00000E+00  0.00000E+00  0.00000E+00  0.00000E+00  2.51022E-01  0.00000E+00  1.69700E-01
      0.7500  0.00000E+00  0.00000E+00  0.00000E+00  0.00000E+00  0.00000E+00  2.57897E-01  0.00000E+00  1.75222E-01
      0.7750  0.00000E+00  0.00000E+00  0.00000E+00  0.00000E+00  0.00000E+00  2.64585E-01  0.00000E+00  1.80729E-01
      0.8000  0.00000E+00  0.00000E+00  0.00000E+00  0.00000E+00  0.00000E+00  2.71085E-01  0.00000E+00  1.86221E-01
      0.8250  0.00000E+00  0.00000E+00  0.00000E+00  0.00000E+00  0.00000E+00  2.77397E-01  0.00000E+00  1.91697E-01
      0.8500  0.00000E+00  0.00000E+00  0.00000E+00  0.00000E+00  0.00000E+00  2.83522E-01  0.00000E+00  1.97157E-01
      0.8750  0.00000E+00  0.00000E+00  0.00000E+00  0.00000E+00  0.00000E+00  2.89460E-01  0.00000E+00  2.02603E-01
      0.9000  0.00000E+00  0.00000E+00  0.00000E+00  0.00000E+00  0.00000E+00  2.95210E-01  0.00000E+00  2.08034E-01
      0.9250  0.00000E+00  0.00000E+00  0.00000E+00  0.00000E+00  0.00000E+00  3.00772E-01  0.00000E+00  2.13450E-01
      0.9500  0.00000E+00  0.00000E+00  0.00000E+00  0.00000E+00  0.00000E+00  3.06147E-01  0.00000E+00  2.18851E-01
      1.0000  0.00000E+00  0.00000E+00  0.00000E+00  0.00000E+00  0.00000E+00  3.16147E-01  0.00000E+00  2.29595E-01
      1.0250  0.00000E+00  0.00000E+00  0.00000E+00  0.00000E+00  0.00000E+00  3.21147E-01  0.00000E+00  2.34952E-01
      1.0500  0.00000E+00  0.00000E+00  0.00000E+00  0.00000E+00  0.00000E+00  3.26148E-01  0.00000E+00  2.40297E-01
      1.0750  0.00000E+00  0.00000E+00  0.00000E+00  0.00000E+00  0.00000E+00  3.31148E-01  0.00000E+00  2.45626E-01
      1.1000  0.00000E+00  0.00000E+00  0.00000E+00  0.00000E+00  0.00000E+00  3.36148E-01  0.00000E+00  2.50942E-01
      1.1250  0.00000E+00  0.00000E+00  0.00000E+00  0.00000E+00  0.00000E+00  3.41148E-01  0.00000E+00  2.56242E-01
      1.1500  0.00000E+00  0.00000E+00  0.00000E+00  0.00000E+00  0.00000E+00  3.46148E-01  0.00000E+00  2.61530E-01
      1.1750  0.00000E+00  0.00000E+00  0.00000E+00  0.00000E+00  0.00000E+00  3.51148E-01  0.00000E+00  2.66803E-01
      1.2000  0.00000E+00  0.00000E+00  0.00000E+00  0.00000E+00  0.00000E+00  3.56148E-01  0.00000E+00  2.72063E-01
      1.2250  0.00000E+00  0.00000E+00  0.00000E+00  0.00000E+00  0.00000E+00  3.61148E-01  0.00000E+00  2.77308E-01
      1.2500  0.00000E+00  0.00000E+00  0.00000E+00  0.00000E+00  0.00000E+00  3.66148E-01  0.00000E+00  2.82538E-01
      1.2750  0.00000E+00  0.00000E+00  0.00000E+00  0.00000E+00  0.00000E+00  3.71148E-01  0.00000E+00  2.87756E-01
      1.3000  0.00000E+00  0.00000E+00  0.00000E+00  0.00000E+00  0.00000E+00  3.76148E-01  0.00000E+00  2.92960E-01
      1.3250  0.00000E+00  0.00000E+00  0.00000E+00  0.00000E+00  0.00000E+00  3.81148E-01  0.00000E+00  2.98149E-01
      1.3500  0.00000E+00  0.00000E+00  0.00000E+00  0.00000E+00  0.00000E+00  3.86148E-01  0.00000E+00  3.03324E-01
      1.3750  0.00000E+00  0.00000E+00  0.00000E+00  0.00000E+00  0.00000E+00  3.91148E-01  0.00000E+00  3.08485E-01
      1.4000  0.00000E+00  0.00000E+00  0.00000E+00  0.00000E+00  0.00000E+00  3.96148E-01  0.00000E+00  3.13633E-01
      1.4250  0.00000E+00  0.00000E+00  0.00000E+00  0.00000E+00  0.00000E+00  4.01148E-01  0.00000E+00  3.18767E-01
      1.4500  0.00000E+00  0.00000E+00  0.00000E+00  0.00000E+00  0.00000E+00  4.06148E-01  0.00000E+00  3.23888E-01
