+++++ SIMULATION INPUT SUMMARY +++++ 


++ General Information ++
-------------------------
Run with RSWMS10 on 17/08/2022 at 15hr59.

++ Soil Geometry ++
--------------------
* Number of elements in x, y and z directions:   20   10   20
* Number of nodes in x, y and z directions:   21   11   21
* Length of elements in x, y and z directions:   0.25   0.50   0.50

++ Soil Boundary Conditions ++
------------------------------
* No flux
* No flux B.C.
* No PH top BC
* No head B.C.
* Bottom B.C. is free drainage
* No solute transport BCs
* File  <Probes.in>  not found: no defined observation locations


++ Soil Information ++
----------------------
* Tabulated values between:  1.0000E+05 and  1.0000E+05
* Number of soil layers:      1
   PH    KH    C    TH 
 -1.000E+05  6.000E-02  3.195E-11  3.742E-20
 -1.000E+05  6.000E-02  3.195E-11  3.742E-20
 -1.000E+05  6.000E-02  3.195E-11  3.742E-20
 -1.000E+05  6.000E-02  3.195E-11  3.742E-20
 -1.000E+05  6.000E-02  3.195E-11  3.742E-20
 -1.000E+05  6.000E-02  3.195E-11  3.742E-20
 -1.000E+05  6.000E-02  3.195E-11  3.742E-20
 -1.000E+05  6.000E-02  3.195E-11  3.742E-20
 -1.000E+05  6.000E-02  3.195E-11  3.742E-20
 -1.000E+05  6.000E-02  3.195E-11  3.742E-20
 -1.000E+05  6.000E-02  3.195E-11  3.742E-20
 -1.000E+05  6.000E-02  3.195E-11  3.742E-20
 -1.000E+05  6.000E-02  3.195E-11  3.742E-20
 -1.000E+05  6.000E-02  3.195E-11  3.742E-20
 -1.000E+05  6.000E-02  3.195E-11  3.742E-20
 -1.000E+05  6.000E-02  3.195E-11  3.742E-20
 -1.000E+05  6.000E-02  3.195E-11  3.742E-20
 -1.000E+05  6.000E-02  3.195E-11  3.742E-20
 -1.000E+05  6.000E-02  3.195E-11  3.742E-20
 -1.000E+05  6.000E-02  3.195E-11  3.742E-20
 -1.000E+05  6.000E-02  3.195E-11  3.742E-20
 -1.000E+05  6.000E-02  3.195E-11  3.742E-20
 -1.000E+05  6.000E-02  3.195E-11  3.742E-20
 -1.000E+05  6.000E-02  3.195E-11  3.742E-20
 -1.000E+05  6.000E-02  3.195E-11  3.742E-20
 -1.000E+05  6.000E-02  3.195E-11  3.742E-20
 -1.000E+05  6.000E-02  3.195E-11  3.742E-20
 -1.000E+05  6.000E-02  3.195E-11  3.742E-20
 -1.000E+05  6.000E-02  3.195E-11  3.742E-20
 -1.000E+05  6.000E-02  3.195E-11  3.742E-20
 -1.000E+05  6.000E-02  3.195E-11  3.742E-20
 -1.000E+05  6.000E-02  3.195E-11  3.742E-20
 -1.000E+05  6.000E-02  3.195E-11  3.742E-20
 -1.000E+05  6.000E-02  3.195E-11  3.742E-20
 -1.000E+05  6.000E-02  3.195E-11  3.742E-20
 -1.000E+05  6.000E-02  3.195E-11  3.742E-20
 -1.000E+05  6.000E-02  3.195E-11  3.742E-20
 -1.000E+05  6.000E-02  3.195E-11  3.742E-20
 -1.000E+05  6.000E-02  3.195E-11  3.742E-20
 -1.000E+05  6.000E-02  3.195E-11  3.742E-20
 -1.000E+05  6.000E-02  3.195E-11  3.742E-20
 -1.000E+05  6.000E-02  3.195E-11  3.742E-20
 -1.000E+05  6.000E-02  3.195E-11  3.742E-20
 -1.000E+05  6.000E-02  3.195E-11  3.742E-20
 -1.000E+05  6.000E-02  3.195E-11  3.742E-20
 -1.000E+05  6.000E-02  3.195E-11  3.742E-20
 -1.000E+05  6.000E-02  3.195E-11  3.742E-20
 -1.000E+05  6.000E-02  3.195E-11  3.742E-20
 -1.000E+05  6.000E-02  3.195E-11  3.742E-20
 -1.000E+05  6.000E-02  3.195E-11  3.742E-20
 -1.000E+05  6.000E-02  3.195E-11  3.742E-20
 -1.000E+05  6.000E-02  3.195E-11  3.742E-20
 -1.000E+05  6.000E-02  3.195E-11  3.742E-20
 -1.000E+05  6.000E-02  3.195E-11  3.742E-20
 -1.000E+05  6.000E-02  3.195E-11  3.742E-20
 -1.000E+05  6.000E-02  3.195E-11  3.742E-20
 -1.000E+05  6.000E-02  3.195E-11  3.742E-20
 -1.000E+05  6.000E-02  3.195E-11  3.742E-20
 -1.000E+05  6.000E-02  3.195E-11  3.742E-20
 -1.000E+05  6.000E-02  3.195E-11  3.742E-20
 -1.000E+05  6.000E-02  3.195E-11  3.742E-20
 -1.000E+05  6.000E-02  3.195E-11  3.742E-20
 -1.000E+05  6.000E-02  3.195E-11  3.742E-20
 -1.000E+05  6.000E-02  3.195E-11  3.742E-20
 -1.000E+05  6.000E-02  3.195E-11  3.742E-20
 -1.000E+05  6.000E-02  3.195E-11  3.742E-20
 -1.000E+05  6.000E-02  3.195E-11  3.742E-20
 -1.000E+05  6.000E-02  3.195E-11  3.742E-20
 -1.000E+05  6.000E-02  3.195E-11  3.742E-20
 -1.000E+05  6.000E-02  3.195E-11  3.742E-20
 -1.000E+05  6.000E-02  3.195E-11  3.742E-20
 -1.000E+05  6.000E-02  3.195E-11  3.742E-20
 -1.000E+05  6.000E-02  3.195E-11  3.742E-20
 -1.000E+05  6.000E-02  3.195E-11  3.742E-20
 -1.000E+05  6.000E-02  3.195E-11  3.742E-20
 -1.000E+05  6.000E-02  3.195E-11  3.742E-20
 -1.000E+05  6.000E-02  3.195E-11  3.742E-20
 -1.000E+05  6.000E-02  3.195E-11  3.742E-20
 -1.000E+05  6.000E-02  3.195E-11  3.742E-20
 -1.000E+05  6.000E-02  3.195E-11  3.742E-20
 -1.000E+05  6.000E-02  3.195E-11  3.742E-20
 -1.000E+05  6.000E-02  3.195E-11  3.742E-20
 -1.000E+05  6.000E-02  3.195E-11  3.742E-20
 -1.000E+05  6.000E-02  3.195E-11  3.742E-20
 -1.000E+05  6.000E-02  3.195E-11  3.742E-20
 -1.000E+05  6.000E-02  3.195E-11  3.742E-20
 -1.000E+05  6.000E-02  3.195E-11  3.742E-20
 -1.000E+05  6.000E-02  3.195E-11  3.742E-20
 -1.000E+05  6.000E-02  3.195E-11  3.742E-20
 -1.000E+05  6.000E-02  3.195E-11  3.742E-20
 -1.000E+05  6.000E-02  3.195E-11  3.742E-20
 -1.000E+05  6.000E-02  3.195E-11  3.742E-20
 -1.000E+05  6.000E-02  3.195E-11  3.742E-20
 -1.000E+05  6.000E-02  3.195E-11  3.742E-20
 -1.000E+05  6.000E-02  3.195E-11  3.742E-20
 -1.000E+05  6.000E-02  3.195E-11  3.742E-20
 -1.000E+05  6.000E-02  3.195E-11  3.742E-20
 -1.000E+05  6.000E-02  3.195E-11  3.742E-20
 -1.000E+05  6.000E-02  3.195E-11  3.742E-20
 -1.000E+05  6.000E-02  3.195E-11  3.742E-20

* Root system imported from file in/RootSys1 
* Initial Time for simulation is  0.0000E+00
* Number of different root systems :     1
* Seed locations for plant     1 is     0.000    0.000

++ Root System ++
-----------------


 Simulation starts at time =    0.000.

The root system consists now of     1 branch(es)[including   1 axis(es)]
 or of a total of     2 segment(s) and     1 growing branch tip(s).

 Total root mass is     0.000, total shoot mass     0.000.
 Leaf area is     0.000.


++ Hydraulic Data for roots ++
-----------------------------
* The Doussan algorithm will be used for the root water uptake (lDou=TRUE)
* No averaging method will be used below voxel scale (ave= FALSE and eqDis= FALSE)
* Hydraulic regulation of stomata with a limiting stress value = -1.5000E+04
* Soil conductivity drop around roots will not be considered (lKdrop=false)
* No cavitation effect on root axial conductance will be considered (lcavit=false)
* No Air gap / rhizosphere hydrophobicity effect on radial conductivity will be considered (lgap=false)
* No aquaporin status effect on radial conductivity will be considered (lAQPc=false)
